[debug] [2021-07-14T20:32:17.229Z] ----------------------------------------------------------------------
[debug] [2021-07-14T20:32:17.231Z] Command:       C:\Program Files (x86)\nodejs\node.exe C:\Users\User\AppData\Roaming\npm\node_modules\firebase-tools\lib\bin\firebase.js init
[debug] [2021-07-14T20:32:17.232Z] CLI Version:   9.16.0
[debug] [2021-07-14T20:32:17.232Z] Platform:      win32
[debug] [2021-07-14T20:32:17.232Z] Node Version:  v14.17.0
[debug] [2021-07-14T20:32:17.233Z] Time:          Wed Jul 14 2021 23:32:17 GMT+0300 (שעון ישראל (קיץ))
[debug] [2021-07-14T20:32:17.234Z] ----------------------------------------------------------------------
[debug] 
[debug] [2021-07-14T20:32:17.241Z] > command requires scopes: ["email","openid","https://www.googleapis.com/auth/cloudplatformprojects.readonly","https://www.googleapis.com/auth/firebase","https://www.googleapis.com/auth/cloud-platform"]
[debug] [2021-07-14T20:32:17.241Z] > authorizing via signed-in user (lidorgalit@gmail.com)
[info] 
     ######## #### ########  ######## ########     ###     ######  ########
     ##        ##  ##     ## ##       ##     ##  ##   ##  ##       ##
     ######    ##  ########  ######   ########  #########  ######  ######
     ##        ##  ##    ##  ##       ##     ## ##     ##       ## ##
     ##       #### ##     ## ######## ########  ##     ##  ######  ########

You're about to initialize a Firebase project in this directory:

  C:\work\lidor\javaScript\my-project\lidor-protofile

Before we get started, keep in mind:

  * You are currently outside your home directory

[info] 
=== Project Setup
[info] 
[info] First, let's associate this project directory with a Firebase project.
[info] You can create multiple project aliases by running firebase use --add, 
[info] but for now we'll just set up a default project.
[info] 
[debug] [2021-07-14T20:32:59.659Z] > refreshing access token with scopes: []
[debug] [2021-07-14T20:32:59.660Z] >>> HTTP REQUEST POST https://www.googleapis.com/oauth2/v3/token  
 <request body omitted>
[debug] [2021-07-14T20:32:59.942Z] <<< HTTP RESPONSE 200 {"date":"Wed, 14 Jul 2021 20:33:01 GMT","expires":"Mon, 01 Jan 1990 00:00:00 GMT","pragma":"no-cache","cache-control":"no-cache, no-store, max-age=0, must-revalidate","content-type":"application/json; charset=utf-8","vary":"X-Origin, Referer, Origin,Accept-Encoding","server":"scaffolding on HTTPServer2","x-xss-protection":"0","x-frame-options":"SAMEORIGIN","x-content-type-options":"nosniff","alt-svc":"h3=\":443\"; ma=2592000,h3-29=\":443\"; ma=2592000,h3-T051=\":443\"; ma=2592000,h3-Q050=\":443\"; ma=2592000,h3-Q046=\":443\"; ma=2592000,h3-Q043=\":443\"; ma=2592000,quic=\":443\"; ma=2592000; v=\"46,43\"","accept-ranges":"none","transfer-encoding":"chunked"}
[debug] [2021-07-14T20:32:59.970Z] >>> [apiv2][query] GET https://firebase.googleapis.com/v1beta1/projects pageSize=100
[debug] [2021-07-14T20:33:00.953Z] <<< [apiv2][status] GET https://firebase.googleapis.com/v1beta1/projects 200
[debug] [2021-07-14T20:33:00.954Z] <<< [apiv2][body] GET https://firebase.googleapis.com/v1beta1/projects [omitted]
[info] i  Using project lidor-protofile (lidor-protofile) 
[info] 
=== Hosting Setup
[info] 
[info] Your public directory is the folder (relative to your project directory) that
[info] will contain Hosting assets to be uploaded with firebase deploy. If you
[info] have a build process for your assets, use your build's output directory.
[info] 
[debug] [2021-07-14T20:34:21.882Z] >>> [apiv2][query] GET https://www.gstatic.com/firebasejs/releases.json [none]
[debug] [2021-07-14T20:34:22.082Z] <<< [apiv2][status] GET https://www.gstatic.com/firebasejs/releases.json 200
[debug] [2021-07-14T20:34:22.082Z] <<< [apiv2][body] GET https://www.gstatic.com/firebasejs/releases.json {"current":{"version":"8.7.1","browserURL":"https://www.gstatic.com/firebasejs/8.7.1/firebase.js","packageURL":"https://www.gstatic.com/firebasejs/8.7.1/firebase.tgz"},"live":{"version":"8.7","browserURL":"https://www.gstatic.com/firebasejs/live/8.7/firebase.js","packageURL":"https://www.gstatic.com/firebasejs/live/8.7/firebase.tgz"},"components":{"analytics":"https://www.gstatic.com/firebasejs/8.7.1/firebase-analytics.js","app":"https://www.gstatic.com/firebasejs/8.7.1/firebase-app.js","app-check":"https://www.gstatic.com/firebasejs/8.7.1/firebase-app-check.js","auth":"https://www.gstatic.com/firebasejs/8.7.1/firebase-auth.js","database":"https://www.gstatic.com/firebasejs/8.7.1/firebase-database.js","firestore":"https://www.gstatic.com/firebasejs/8.7.1/firebase-firestore.js","functions":"https://www.gstatic.com/firebasejs/8.7.1/firebase-functions.js","installations":"https://www.gstatic.com/firebasejs/8.7.1/firebase-installations.js","messaging":"https://www.gstatic.com/firebasejs/8.7.1/firebase-messaging.js","storage":"https://www.gstatic.com/firebasejs/8.7.1/firebase-storage.js","performance":"https://www.gstatic.com/firebasejs/8.7.1/firebase-performance.js","remote-config":"https://www.gstatic.com/firebasejs/8.7.1/firebase-remote-config.js","firestore.memory":"https://www.gstatic.com/firebasejs/8.7.1/firebase-firestore.memory.js"}}
[info] i  Skipping write of build/index.html 
[info] 
[info] i  Detected a .git folder at C:\work\lidor\javaScript\my-project 
[info] i  Authorizing with GitHub to upload your service account to a GitHub repository's secrets store. 
[info] 
[info] Visit this URL on this device to log in:
[info] https://github.com/login/oauth/authorize?client_id=89cf50f02ac6aaed3484&state=918316505&redirect_uri=http%3A%2F%2Flocalhost%3A9005&scope=read%3Auser%20repo%20public_repo
[info] 
[info] Waiting for authentication...
[debug] [2021-07-14T20:35:00.211Z] >>> HTTP REQUEST POST https://github.com/login/oauth/access_token  
 {"client_id":"89cf50f02ac6aaed3484","client_secret":"3330d14abc895d9a74d5f17cd7a00711fa2c5bf0","code":"5e7004902acaa325ce5e","redirect_uri":"http://localhost:9005","state":"918316505"}
[debug] [2021-07-14T20:35:00.634Z] <<< HTTP RESPONSE 200 {"server":"GitHub.com","date":"Wed, 14 Jul 2021 20:35:02 GMT","content-type":"application/json; charset=utf-8","transfer-encoding":"chunked","vary":"X-PJAX, Accept-Encoding, Accept, X-Requested-With","permissions-policy":"interest-cohort=()","etag":"W/\"2791fc49d532e9de6008b3f1033819d2\"","cache-control":"max-age=0, private, must-revalidate","strict-transport-security":"max-age=31536000; includeSubdomains; preload","x-frame-options":"deny","x-content-type-options":"nosniff","x-xss-protection":"0","referrer-policy":"origin-when-cross-origin, strict-origin-when-cross-origin","expect-ct":"max-age=2592000, report-uri=\"https://api.github.com/_private/browser/errors\"","content-security-policy":"default-src 'none'; base-uri 'self'; block-all-mixed-content; connect-src 'self' uploads.github.com www.githubstatus.com collector.githubapp.com api.github.com github-cloud.s3.amazonaws.com github-production-repository-file-5c1aeb.s3.amazonaws.com github-production-upload-manifest-file-7fdce7.s3.amazonaws.com github-production-user-asset-6210df.s3.amazonaws.com cdn.optimizely.com logx.optimizely.com/v1/events translator.github.com wss://alive.github.com; font-src github.githubassets.com; form-action 'self' github.com gist.github.com; frame-ancestors 'none'; frame-src render.githubusercontent.com render-temp.githubusercontent.com viewscreen.githubusercontent.com; img-src 'self' data: github.githubassets.com identicons.github.com collector.githubapp.com github-cloud.s3.amazonaws.com secured-user-images.githubusercontent.com/ *.githubusercontent.com; manifest-src 'self'; media-src 'none'; script-src github.githubassets.com; style-src 'unsafe-inline' github.githubassets.com; worker-src github.com/socket-worker-3f088aa2.js gist.github.com/socket-worker-3f088aa2.js","x-github-request-id":"E100:11F2D:F2C0D2:FDE4FC:60EF4A76"}
[debug] [2021-07-14T20:35:00.645Z] >>> [apiv2][query] GET https://api.github.com/user [none]
[debug] [2021-07-14T20:35:01.140Z] <<< [apiv2][status] GET https://api.github.com/user 200
[debug] [2021-07-14T20:35:01.140Z] <<< [apiv2][body] GET https://api.github.com/user {"login":"lidorBaraens110","id":51084061,"node_id":"MDQ6VXNlcjUxMDg0MDYx","avatar_url":"https://avatars.githubusercontent.com/u/51084061?v=4","gravatar_id":"","url":"https://api.github.com/users/lidorBaraens110","html_url":"https://github.com/lidorBaraens110","followers_url":"https://api.github.com/users/lidorBaraens110/followers","following_url":"https://api.github.com/users/lidorBaraens110/following{/other_user}","gists_url":"https://api.github.com/users/lidorBaraens110/gists{/gist_id}","starred_url":"https://api.github.com/users/lidorBaraens110/starred{/owner}{/repo}","subscriptions_url":"https://api.github.com/users/lidorBaraens110/subscriptions","organizations_url":"https://api.github.com/users/lidorBaraens110/orgs","repos_url":"https://api.github.com/users/lidorBaraens110/repos","events_url":"https://api.github.com/users/lidorBaraens110/events{/privacy}","received_events_url":"https://api.github.com/users/lidorBaraens110/received_events","type":"User","site_admin":false,"name":null,"company":null,"blog":"","location":null,"email":null,"hireable":null,"bio":null,"twitter_username":null,"public_repos":20,"public_gists":0,"followers":0,"following":0,"created_at":"2019-05-27T12:24:38Z","updated_at":"2021-07-14T20:35:01Z","private_gists":0,"total_private_repos":1,"owned_private_repos":1,"disk_usage":29906,"collaborators":0,"two_factor_authentication":false,"plan":{"name":"free","space":976562499,"collaborators":0,"private_repos":10000}}
[info] 
[info] +  Success! Logged into GitHub as lidorBaraens110 
[info] 
[debug] [2021-07-14T20:36:22.017Z] >>> [apiv2][query] GET https://api.github.com/repos/lidor-protofile/actions/secrets/public-key type=owner
[debug] [2021-07-14T20:36:22.373Z] <<< [apiv2][status] GET https://api.github.com/repos/lidor-protofile/actions/secrets/public-key 404
[debug] [2021-07-14T20:36:22.373Z] <<< [apiv2][body] GET https://api.github.com/repos/lidor-protofile/actions/secrets/public-key {"message":"Not Found","documentation_url":"https://docs.github.com/rest"}
[debug] [2021-07-14T20:36:33.133Z] >>> [apiv2][query] GET https://api.github.com/repos/lidor-protofile/actions/secrets/public-key type=owner
[debug] [2021-07-14T20:36:33.484Z] <<< [apiv2][status] GET https://api.github.com/repos/lidor-protofile/actions/secrets/public-key 404
[debug] [2021-07-14T20:36:33.485Z] <<< [apiv2][body] GET https://api.github.com/repos/lidor-protofile/actions/secrets/public-key {"message":"Not Found","documentation_url":"https://docs.github.com/rest"}
[debug] [2021-07-14T20:36:45.955Z] >>> [apiv2][query] GET https://api.github.com/repos/repository/actions/secrets/public-key type=owner
[debug] [2021-07-14T20:36:46.322Z] <<< [apiv2][status] GET https://api.github.com/repos/repository/actions/secrets/public-key 404
[debug] [2021-07-14T20:36:46.322Z] <<< [apiv2][body] GET https://api.github.com/repos/repository/actions/secrets/public-key {"message":"Not Found","documentation_url":"https://docs.github.com/rest"}
[debug] [2021-07-14T20:36:49.847Z] >>> [apiv2][query] GET https://api.github.com/repos//actions/secrets/public-key type=owner
[debug] [2021-07-14T20:36:50.162Z] <<< [apiv2][status] GET https://api.github.com/repos//actions/secrets/public-key 404
[debug] [2021-07-14T20:36:50.162Z] <<< [apiv2][body] GET https://api.github.com/repos//actions/secrets/public-key {"message":"Not Found","documentation_url":"https://docs.github.com/rest"}
[debug] [2021-07-14T20:36:52.764Z] >>> [apiv2][query] GET https://api.github.com/repos//actions/secrets/public-key type=owner
[debug] [2021-07-14T20:36:52.920Z] >>> [apiv2][query] GET https://api.github.com/repos//actions/secrets/public-key type=owner
[debug] [2021-07-14T20:36:53.136Z] <<< [apiv2][status] GET https://api.github.com/repos//actions/secrets/public-key 404
[debug] [2021-07-14T20:36:53.136Z] <<< [apiv2][body] GET https://api.github.com/repos//actions/secrets/public-key {"message":"Not Found","documentation_url":"https://docs.github.com/rest"}
[debug] [2021-07-14T20:36:53.228Z] <<< [apiv2][status] GET https://api.github.com/repos//actions/secrets/public-key 404
[debug] [2021-07-14T20:36:53.228Z] <<< [apiv2][body] GET https://api.github.com/repos//actions/secrets/public-key {"message":"Not Found","documentation_url":"https://docs.github.com/rest"}
